dh_update_autotools_config
dh_auto_configure
override_dh_auto_build dh_auto_build
dh_auto_build
dh_auto_test
dh_prep
dh_installdirs
override_dh_auto_install dh_auto_install
dh_auto_install
override_dh_install dh_install
dh_install
dh_installdocs
override_dh_installchangelogs dh_installchangelogs
override_dh_installchangelogs dh_installchangelogs
dh_installchangelogs
dh_installexamples
dh_installman
dh_installdebconf
override_dh_installinit dh_installinit
dh_installinit
dh_lintian
dh_perl
dh_link
dh_strip_nondeterminism
dh_compress
dh_fixperms
override_dh_strip dh_strip
dh_strip
dh_makeshlibs
dh_shlibdeps
dh_installdeb
dh_gencontrol
dh_md5sums
dh_builddeb
dh_builddeb
dh_builddeb
dh_builddeb
dh_builddeb
dh_builddeb
dh_builddeb
dh_builddeb
dh_builddeb
dh_builddeb
dh_builddeb
dh_builddeb
dh_builddeb
dh_builddeb
dh_builddeb
